✅ Database connected
🚀 News API Service running on port 4001
📊 Health check: http://localhost:4001/health
[2026-03-07T10:46:12.885Z] GET /health
[2026-03-07T10:47:29.115Z] GET /health
[2026-03-07T10:47:45.248Z] GET /health
[2026-03-07T10:47:45.257Z] GET /api/news
prisma:query SELECT 1
prisma:query SELECT COUNT(*) FROM (SELECT "public"."news"."id" FROM "public"."news" WHERE 1=1 OFFSET $1) AS "sub"
prisma:query SELECT "public"."news"."id", "public"."news"."source_id", "public"."news"."title", "public"."news"."summary", "public"."news"."content", "public"."news"."author", "public"."news"."url", "public"."news"."image_url", "public"."news"."category", "public"."news"."tags", "public"."news"."published_at", "public"."news"."fetched_at", "public"."news"."created_at", "public"."news"."updated_at", "public"."news"."view_count", "public"."news"."like_count", "public"."news"."share_count" FROM "public"."news" WHERE 1=1 ORDER BY "public"."news"."published_at" DESC LIMIT $1 OFFSET $2
prisma:query SELECT "public"."news_sources"."id", "public"."news_sources"."name", "public"."news_sources"."type" FROM "public"."news_sources" WHERE "public"."news_sources"."id" IN ($1,$2) OFFSET $3
[2026-03-07T10:47:45.295Z] GET /api/news/116
prisma:query SELECT "public"."news"."id", "public"."news"."source_id", "public"."news"."title", "public"."news"."summary", "public"."news"."content", "public"."news"."author", "public"."news"."url", "public"."news"."image_url", "public"."news"."category", "public"."news"."tags", "public"."news"."published_at", "public"."news"."fetched_at", "public"."news"."created_at", "public"."news"."updated_at", "public"."news"."view_count", "public"."news"."like_count", "public"."news"."share_count" FROM "public"."news" WHERE ("public"."news"."id" = $1 AND 1=1) LIMIT $2 OFFSET $3
prisma:query SELECT "public"."news_sources"."id", "public"."news_sources"."name", "public"."news_sources"."type", "public"."news_sources"."url" FROM "public"."news_sources" WHERE "public"."news_sources"."id" IN ($1) OFFSET $2
prisma:query UPDATE "public"."news" SET "view_count" = ("public"."news"."view_count" + $1), "updated_at" = $2 WHERE ("public"."news"."id" = $3 AND 1=1) RETURNING "public"."news"."id", "public"."news"."source_id", "public"."news"."title", "public"."news"."summary", "public"."news"."content", "public"."news"."author", "public"."news"."url", "public"."news"."image_url", "public"."news"."category", "public"."news"."tags", "public"."news"."published_at", "public"."news"."fetched_at", "public"."news"."created_at", "public"."news"."updated_at", "public"."news"."view_count", "public"."news"."like_count", "public"."news"."share_count"
[2026-03-07T10:47:45.346Z] GET /api/news
prisma:query SELECT "public"."news"."id", "public"."news"."source_id", "public"."news"."title", "public"."news"."summary", "public"."news"."content", "public"."news"."author", "public"."news"."url", "public"."news"."image_url", "public"."news"."category", "public"."news"."tags", "public"."news"."published_at", "public"."news"."fetched_at", "public"."news"."created_at", "public"."news"."updated_at", "public"."news"."view_count", "public"."news"."like_count", "public"."news"."share_count" FROM "public"."news" WHERE 1=1 ORDER BY "public"."news"."published_at" DESC LIMIT $1 OFFSET $2
prisma:query SELECT COUNT(*) FROM (SELECT "public"."news"."id" FROM "public"."news" WHERE 1=1 OFFSET $1) AS "sub"
prisma:query SELECT "public"."news_sources"."id", "public"."news_sources"."name", "public"."news_sources"."type" FROM "public"."news_sources" WHERE "public"."news_sources"."id" IN ($1,$2) OFFSET $3
[2026-03-07T10:47:45.511Z] GET /api/news/116
prisma:query SELECT "public"."news"."id", "public"."news"."source_id", "public"."news"."title", "public"."news"."summary", "public"."news"."content", "public"."news"."author", "public"."news"."url", "public"."news"."image_url", "public"."news"."category", "public"."news"."tags", "public"."news"."published_at", "public"."news"."fetched_at", "public"."news"."created_at", "public"."news"."updated_at", "public"."news"."view_count", "public"."news"."like_count", "public"."news"."share_count" FROM "public"."news" WHERE ("public"."news"."id" = $1 AND 1=1) LIMIT $2 OFFSET $3
prisma:query SELECT "public"."news_sources"."id", "public"."news_sources"."name", "public"."news_sources"."type", "public"."news_sources"."url" FROM "public"."news_sources" WHERE "public"."news_sources"."id" IN ($1) OFFSET $2
prisma:query UPDATE "public"."news" SET "view_count" = ("public"."news"."view_count" + $1), "updated_at" = $2 WHERE ("public"."news"."id" = $3 AND 1=1) RETURNING "public"."news"."id", "public"."news"."source_id", "public"."news"."title", "public"."news"."summary", "public"."news"."content", "public"."news"."author", "public"."news"."url", "public"."news"."image_url", "public"."news"."category", "public"."news"."tags", "public"."news"."published_at", "public"."news"."fetched_at", "public"."news"."created_at", "public"."news"."updated_at", "public"."news"."view_count", "public"."news"."like_count", "public"."news"."share_count"
[2026-03-08T00:44:45.445Z] GET /api/news
prisma:query SELECT COUNT(*) FROM (SELECT "public"."news"."id" FROM "public"."news" WHERE 1=1 OFFSET $1) AS "sub"
prisma:query SELECT "public"."news"."id", "public"."news"."source_id", "public"."news"."title", "public"."news"."summary", "public"."news"."content", "public"."news"."author", "public"."news"."url", "public"."news"."image_url", "public"."news"."category", "public"."news"."tags", "public"."news"."published_at", "public"."news"."fetched_at", "public"."news"."created_at", "public"."news"."updated_at", "public"."news"."view_count", "public"."news"."like_count", "public"."news"."share_count" FROM "public"."news" WHERE 1=1 ORDER BY "public"."news"."published_at" DESC LIMIT $1 OFFSET $2
prisma:query SELECT "public"."news_sources"."id", "public"."news_sources"."name", "public"."news_sources"."type" FROM "public"."news_sources" WHERE "public"."news_sources"."id" IN ($1) OFFSET $2
[2026-03-08T00:45:36.926Z] GET /api/news
prisma:query SELECT 1
prisma:query SELECT 1
prisma:query SELECT COUNT(*) FROM (SELECT "public"."news"."id" FROM "public"."news" WHERE 1=1 OFFSET $1) AS "sub"
prisma:query SELECT "public"."news"."id", "public"."news"."source_id", "public"."news"."title", "public"."news"."summary", "public"."news"."content", "public"."news"."author", "public"."news"."url", "public"."news"."image_url", "public"."news"."category", "public"."news"."tags", "public"."news"."published_at", "public"."news"."fetched_at", "public"."news"."created_at", "public"."news"."updated_at", "public"."news"."view_count", "public"."news"."like_count", "public"."news"."share_count" FROM "public"."news" WHERE 1=1 ORDER BY "public"."news"."published_at" DESC LIMIT $1 OFFSET $2
prisma:query SELECT "public"."news_sources"."id", "public"."news_sources"."name", "public"."news_sources"."type" FROM "public"."news_sources" WHERE "public"."news_sources"."id" IN ($1) OFFSET $2
[2026-03-08T00:45:54.565Z] GET /api/news/169
prisma:query SELECT 1
prisma:query SELECT "public"."news"."id", "public"."news"."source_id", "public"."news"."title", "public"."news"."summary", "public"."news"."content", "public"."news"."author", "public"."news"."url", "public"."news"."image_url", "public"."news"."category", "public"."news"."tags", "public"."news"."published_at", "public"."news"."fetched_at", "public"."news"."created_at", "public"."news"."updated_at", "public"."news"."view_count", "public"."news"."like_count", "public"."news"."share_count" FROM "public"."news" WHERE ("public"."news"."id" = $1 AND 1=1) LIMIT $2 OFFSET $3
prisma:query SELECT "public"."news_sources"."id", "public"."news_sources"."name", "public"."news_sources"."type", "public"."news_sources"."url" FROM "public"."news_sources" WHERE "public"."news_sources"."id" IN ($1) OFFSET $2
prisma:query UPDATE "public"."news" SET "view_count" = ("public"."news"."view_count" + $1), "updated_at" = $2 WHERE ("public"."news"."id" = $3 AND 1=1) RETURNING "public"."news"."id", "public"."news"."source_id", "public"."news"."title", "public"."news"."summary", "public"."news"."content", "public"."news"."author", "public"."news"."url", "public"."news"."image_url", "public"."news"."category", "public"."news"."tags", "public"."news"."published_at", "public"."news"."fetched_at", "public"."news"."created_at", "public"."news"."updated_at", "public"."news"."view_count", "public"."news"."like_count", "public"."news"."share_count"
[2026-03-08T00:52:41.469Z] GET /api/news/related/169
prisma:query SELECT "public"."news"."id", "public"."news"."source_id", "public"."news"."title", "public"."news"."summary", "public"."news"."content", "public"."news"."author", "public"."news"."url", "public"."news"."image_url", "public"."news"."category", "public"."news"."tags", "public"."news"."published_at", "public"."news"."fetched_at", "public"."news"."created_at", "public"."news"."updated_at", "public"."news"."view_count", "public"."news"."like_count", "public"."news"."share_count" FROM "public"."news" WHERE ("public"."news"."id" = $1 AND 1=1) LIMIT $2 OFFSET $3
prisma:query SELECT "public"."news"."id", "public"."news"."source_id", "public"."news"."title", "public"."news"."summary", "public"."news"."content", "public"."news"."author", "public"."news"."url", "public"."news"."image_url", "public"."news"."category", "public"."news"."tags", "public"."news"."published_at", "public"."news"."fetched_at", "public"."news"."created_at", "public"."news"."updated_at", "public"."news"."view_count", "public"."news"."like_count", "public"."news"."share_count" FROM "public"."news" WHERE ("public"."news"."id" <> $1 AND "public"."news"."category" = $2) ORDER BY "public"."news"."published_at" DESC LIMIT $3 OFFSET $4
[2026-03-08T00:52:59.337Z] GET /api/news/search
prisma:query SELECT 1
prisma:query SELECT COUNT(*) FROM (SELECT "public"."news"."id" FROM "public"."news" WHERE ("public"."news"."title" ILIKE $1 OR "public"."news"."summary" ILIKE $2 OR "public"."news"."content" ILIKE $3) OFFSET $4) AS "sub"
prisma:query SELECT "public"."news"."id", "public"."news"."source_id", "public"."news"."title", "public"."news"."summary", "public"."news"."content", "public"."news"."author", "public"."news"."url", "public"."news"."image_url", "public"."news"."category", "public"."news"."tags", "public"."news"."published_at", "public"."news"."fetched_at", "public"."news"."created_at", "public"."news"."updated_at", "public"."news"."view_count", "public"."news"."like_count", "public"."news"."share_count" FROM "public"."news" WHERE ("public"."news"."title" ILIKE $1 OR "public"."news"."summary" ILIKE $2 OR "public"."news"."content" ILIKE $3) ORDER BY "public"."news"."published_at" DESC LIMIT $4 OFFSET $5
prisma:query SELECT "public"."news_sources"."id", "public"."news_sources"."name", "public"."news_sources"."type" FROM "public"."news_sources" WHERE "public"."news_sources"."id" IN ($1,$2) OFFSET $3
[2026-03-08T00:59:29.505Z] GET /api/news/related/169
prisma:query SELECT "public"."news"."id", "public"."news"."source_id", "public"."news"."title", "public"."news"."summary", "public"."news"."content", "public"."news"."author", "public"."news"."url", "public"."news"."image_url", "public"."news"."category", "public"."news"."tags", "public"."news"."published_at", "public"."news"."fetched_at", "public"."news"."created_at", "public"."news"."updated_at", "public"."news"."view_count", "public"."news"."like_count", "public"."news"."share_count" FROM "public"."news" WHERE ("public"."news"."id" = $1 AND 1=1) LIMIT $2 OFFSET $3
prisma:query SELECT "public"."news"."id", "public"."news"."source_id", "public"."news"."title", "public"."news"."summary", "public"."news"."content", "public"."news"."author", "public"."news"."url", "public"."news"."image_url", "public"."news"."category", "public"."news"."tags", "public"."news"."published_at", "public"."news"."fetched_at", "public"."news"."created_at", "public"."news"."updated_at", "public"."news"."view_count", "public"."news"."like_count", "public"."news"."share_count" FROM "public"."news" WHERE ("public"."news"."id" <> $1 AND "public"."news"."category" = $2) ORDER BY "public"."news"."published_at" DESC LIMIT $3 OFFSET $4
[2026-03-08T01:00:52.533Z] GET /api/news
prisma:query SELECT 1
prisma:query SELECT "public"."news"."id", "public"."news"."source_id", "public"."news"."title", "public"."news"."summary", "public"."news"."content", "public"."news"."author", "public"."news"."url", "public"."news"."image_url", "public"."news"."category", "public"."news"."tags", "public"."news"."published_at", "public"."news"."fetched_at", "public"."news"."created_at", "public"."news"."updated_at", "public"."news"."view_count", "public"."news"."like_count", "public"."news"."share_count" FROM "public"."news" WHERE 1=1 ORDER BY "public"."news"."published_at" DESC LIMIT $1 OFFSET $2
prisma:query SELECT "public"."news_sources"."id", "public"."news_sources"."name", "public"."news_sources"."type" FROM "public"."news_sources" WHERE "public"."news_sources"."id" IN ($1,$2) OFFSET $3
prisma:query SELECT COUNT(*) FROM (SELECT "public"."news"."id" FROM "public"."news" WHERE 1=1 OFFSET $1) AS "sub"
[2026-03-08T02:06:06.761Z] GET /api/news/related/169.5
prisma:query SELECT "public"."news"."id", "public"."news"."source_id", "public"."news"."title", "public"."news"."summary", "public"."news"."content", "public"."news"."author", "public"."news"."url", "public"."news"."image_url", "public"."news"."category", "public"."news"."tags", "public"."news"."published_at", "public"."news"."fetched_at", "public"."news"."created_at", "public"."news"."updated_at", "public"."news"."view_count", "public"."news"."like_count", "public"."news"."share_count" FROM "public"."news" WHERE ("public"."news"."id" = $1 AND 1=1) LIMIT $2 OFFSET $3
prisma:query SELECT "public"."news"."id", "public"."news"."source_id", "public"."news"."title", "public"."news"."summary", "public"."news"."content", "public"."news"."author", "public"."news"."url", "public"."news"."image_url", "public"."news"."category", "public"."news"."tags", "public"."news"."published_at", "public"."news"."fetched_at", "public"."news"."created_at", "public"."news"."updated_at", "public"."news"."view_count", "public"."news"."like_count", "public"."news"."share_count" FROM "public"."news" WHERE ("public"."news"."id" <> $1 AND "public"."news"."category" = $2) ORDER BY "public"."news"."published_at" DESC LIMIT $3 OFFSET $4
[2026-03-08T02:06:30.822Z] GET /api/news/169
prisma:query SELECT 1
prisma:query SELECT "public"."news"."id", "public"."news"."source_id", "public"."news"."title", "public"."news"."summary", "public"."news"."content", "public"."news"."author", "public"."news"."url", "public"."news"."image_url", "public"."news"."category", "public"."news"."tags", "public"."news"."published_at", "public"."news"."fetched_at", "public"."news"."created_at", "public"."news"."updated_at", "public"."news"."view_count", "public"."news"."like_count", "public"."news"."share_count" FROM "public"."news" WHERE ("public"."news"."id" = $1 AND 1=1) LIMIT $2 OFFSET $3
prisma:query SELECT "public"."news_sources"."id", "public"."news_sources"."name", "public"."news_sources"."type", "public"."news_sources"."url" FROM "public"."news_sources" WHERE "public"."news_sources"."id" IN ($1) OFFSET $2
prisma:query UPDATE "public"."news" SET "view_count" = ("public"."news"."view_count" + $1), "updated_at" = $2 WHERE ("public"."news"."id" = $3 AND 1=1) RETURNING "public"."news"."id", "public"."news"."source_id", "public"."news"."title", "public"."news"."summary", "public"."news"."content", "public"."news"."author", "public"."news"."url", "public"."news"."image_url", "public"."news"."category", "public"."news"."tags", "public"."news"."published_at", "public"."news"."fetched_at", "public"."news"."created_at", "public"."news"."updated_at", "public"."news"."view_count", "public"."news"."like_count", "public"."news"."share_count"
[2026-03-08T07:19:08.331Z] GET /health
[2026-03-08T07:19:30.502Z] GET /api/news/search
prisma:query SELECT "public"."news"."id", "public"."news"."source_id", "public"."news"."title", "public"."news"."summary", "public"."news"."content", "public"."news"."author", "public"."news"."url", "public"."news"."image_url", "public"."news"."category", "public"."news"."tags", "public"."news"."published_at", "public"."news"."fetched_at", "public"."news"."created_at", "public"."news"."updated_at", "public"."news"."view_count", "public"."news"."like_count", "public"."news"."share_count" FROM "public"."news" WHERE ("public"."news"."title" ILIKE $1 OR "public"."news"."summary" ILIKE $2 OR "public"."news"."content" ILIKE $3) ORDER BY "public"."news"."published_at" DESC LIMIT $4 OFFSET $5
prisma:query SELECT "public"."news_sources"."id", "public"."news_sources"."name", "public"."news_sources"."type" FROM "public"."news_sources" WHERE "public"."news_sources"."id" IN ($1) OFFSET $2
prisma:query SELECT COUNT(*) FROM (SELECT "public"."news"."id" FROM "public"."news" WHERE ("public"."news"."title" ILIKE $1 OR "public"."news"."summary" ILIKE $2 OR "public"."news"."content" ILIKE $3) OFFSET $4) AS "sub"
